<?xml version="1.0" encoding="UTF-8"?>
<!-- Generated by org.testng.reporters.JUnitReportReporter -->
<testsuite hostname="DESKTOP-3ATBMV1" failures="0" tests="1" name="kavi_repo.testng" time="0.009" errors="0" timestamp="2023-07-18T15:04:42 IST" skipped="0">
  <testcase classname="kavi_repo.testng" name="m1" time="0.009"/>
</testsuite> <!-- kavi_repo.testng -->
