<?xml version="1.0" encoding="UTF-8"?>
<!-- Generated by org.testng.reporters.JUnitReportReporter -->
<testsuite hostname="DESKTOP-3ATBMV1" failures="0" tests="3" name="Assert.TestCase1" time="69.449" errors="0" timestamp="2023-07-25T18:44:21 IST" skipped="0">
  <testcase classname="Assert.TestCase1" name="testcase2_admin" time="38.444"/>
  <testcase classname="Assert.TestCase1" name="testcase1_assignleaves" time="17.095"/>
  <testcase classname="Assert.TestCase1" name="testcase3_pim" time="13.910"/>
</testsuite> <!-- Assert.TestCase1 -->
