<?xml version="1.0" encoding="UTF-8"?>
<!-- Generated by org.testng.reporters.JUnitReportReporter -->
<testsuite hostname="DESKTOP-3ATBMV1" failures="0" tests="5" name="kavi_repo.TestNg_1" time="0.008" errors="0" timestamp="2023-07-21T10:43:20 IST" skipped="2">
  <testcase classname="kavi_repo.TestNg_1" name="m5" time="0.002"/>
  <testcase classname="kavi_repo.TestNg_1" name="m1" time="0.005"/>
  <testcase classname="kavi_repo.TestNg_1" name="M2" time="0.001"/>
  <testcase classname="kavi_repo.TestNg_1" name="m3">
    <skipped/>
  </testcase> <!-- m3 -->
  <testcase classname="kavi_repo.TestNg_1" name="m4">
    <skipped/>
  </testcase> <!-- m4 -->
</testsuite> <!-- kavi_repo.TestNg_1 -->
